The following files were excluded because the query epitope was absent in the reference epitope

Excluded Epitopes - Global File
================================================================================
Total excluded rows: 43
Date: 2025-11-04 18:22:21
Source: Global_IEDB_out_anticancer_query_ref.csv
================================================================================

HLA genotype,Query,Peptide,YP ref,YAI81105 ref,Epitope loc.,Method,Consensus,ANN,SMM,Comblib,TEPITOPE,%age id YP,%age ID YAI81105,No. ID aa with YP,No. diff vs YP,No. diff vs YAI81105,No. ID aa with YAI81105,Homologue YP,Homologue YAI81105,Check indels,Comblib Score,TEPITOPE Score,Percentile,Adjusted Percentile,Ref Adjusted Percentile,Percentile Delta
HLA-DRB1*01:01,YAI81105_de,VTWFHAIHVMFVFLV,VTWFHAIHVSGTNGT,VTWFHAIHVMFVFLV,62,COMBLIB,0.01,0.0,0.0,0.01,0.0,60.0,100.0,9,6,0,15,0,62,0,0.01,0.0,0.01,0.01,,
HLA-DRB1*01:01,YAI81105_de,TWFHAIHVMFVFLVL,TWFHAIHVSGTNGTK,TWFHAIHVMFVFLVL,63,COMBLIB,0.01,0.0,0.0,0.01,0.0,53.3,100.0,8,7,0,15,0,63,0,0.01,0.0,0.01,0.01,,
HLA-DRB1*01:01,YAI81105_de,WFHAIHVMFVFLVLL,WFHAIHVSGTNGTKR,WFHAIHVMFVFLVLL,64,COMBLIB,0.01,0.0,0.0,0.01,0.0,46.7,100.0,7,8,0,15,0,64,0,0.01,0.0,0.01,0.01,,
HLA-DRB1*01:01,YAI81105_de,FHAIHVMFVFLVLLP,FHAIHVSGTNGTKRF,FHAIHVMFVFLVLLP,65,COMBLIB,0.01,0.0,0.0,0.01,0.0,40.0,100.0,6,9,0,15,0,65,0,0.01,0.0,0.01,0.01,,
HLA-DRB1*01:01,YAI81105_de,HAIHVMFVFLVLLPL,HAIHVSGTNGTKRFD,HAIHVMFVFLVLLPL,66,COMBLIB,0.01,0.0,0.0,0.01,0.0,33.3,100.0,5,10,0,15,0,66,0,0.01,0.0,0.01,0.01,,
HLA-DRB1*01:01,YAI81105_de,AIHVMFVFLVLLPLV,AIHVSGTNGTKRFDN,AIHVMFVFLVLLPLV,67,COMBLIB,0.01,0.0,0.0,0.01,0.0,26.7,100.0,4,11,0,15,0,67,0,0.01,0.0,0.01,0.01,,
HLA-DRB1*01:01,YAI81105_de,IHVMFVFLVLLPLVS,IHVSGTNGTKRFDNP,IHVMFVFLVLLPLVS,68,COMBLIB,0.01,0.0,0.0,0.01,0.0,20.0,100.0,3,12,0,15,0,68,0,0.01,0.0,0.01,0.01,,
HLA-DRB1*01:01,YAI81105_de,HVMFVFLVLLPLVSS,HVSGTNGTKRFDNPV,HVMFVFLVLLPLVSS,69,COMBLIB,0.01,0.0,0.0,0.01,0.0,13.3,100.0,2,13,0,15,0,69,0,0.01,0.0,0.01,0.01,,
HLA-DRB1*01:01,YAI81105_de,VMFVFLVLLPLVSSQ,VSGTNGTKRFDNPVL,VMFVFLVLLPLVSSQ,70,COMBLIB,0.01,0.0,0.0,0.01,0.0,6.7,100.0,1,14,0,15,0,70,0,0.01,0.0,0.01,0.01,,
HLA-DRB1*01:01,YAI81105_de,HAIHVMFVFLVLLPL,HAIHVSGTNGTKRFD,HAIHVMFVFLVLLPL,66,TEPITOPE,0.97,0.0,0.0,0.0,2.6,33.3,100.0,5,10,0,15,0,66,0,0.0,2.6,0.97,0.97,,
HLA-DRB1*01:01,YAI81105_de,AIHVMFVFLVLLPLV,AIHVSGTNGTKRFDN,AIHVMFVFLVLLPLV,67,TEPITOPE,0.97,0.0,0.0,0.0,2.6,26.7,100.0,4,11,0,15,0,67,0,0.0,2.6,0.97,0.97,,
HLA-DRB1*01:01,YAI81105_de,IHVMFVFLVLLPLVS,IHVSGTNGTKRFDNP,IHVMFVFLVLLPLVS,68,TEPITOPE,0.97,0.0,0.0,0.0,2.6,20.0,100.0,3,12,0,15,0,68,0,0.0,2.6,0.97,0.97,,
HLA-DRB1*01:01,YAI81105_de,HVMFVFLVLLPLVSS,HVSGTNGTKRFDNPV,HVMFVFLVLLPLVSS,69,TEPITOPE,0.97,0.0,0.0,0.0,2.6,13.3,100.0,2,13,0,15,0,69,0,0.0,2.6,0.97,0.97,,
HLA-DRB1*01:01,YAI81105_de,VMFVFLVLLPLVSSQ,VSGTNGTKRFDNPVL,VMFVFLVLLPLVSSQ,70,TEPITOPE,0.97,0.0,0.0,0.0,2.6,6.7,100.0,1,14,0,15,0,70,0,0.0,2.6,0.97,0.97,,
HLA-DRB1*03:01,YAI81105_de,TPINLVRDLPQGFSV,LLKYNENGTITDAVD,TPINLVRDLPQGFSV,276,TEPITOPE,0.25,0.0,0.0,0.0,6.4,0.0,100.0,0,15,0,15,0,276,0,0.0,6.4,0.25,0.25,,
HLA-DRB1*03:01,YAI81105_de,PINLVRDLPQGFSVL,LKYNENGTITDAVDC,PINLVRDLPQGFSVL,277,TEPITOPE,0.25,0.0,0.0,0.0,6.4,0.0,100.0,0,15,0,15,0,277,0,0.0,6.4,0.25,0.25,,
HLA-DRB1*03:01,YAI81105_de,INLVRDLPQGFSVLE,KYNENGTITDAVDCA,INLVRDLPQGFSVLE,278,TEPITOPE,0.25,0.0,0.0,0.0,6.4,0.0,100.0,0,15,0,15,0,278,0,0.0,6.4,0.25,0.25,,
HLA-DRB1*03:01,YAI81105_de,NLVRDLPQGFSVLEP,YNENGTITDAVDCAL,NLVRDLPQGFSVLEP,279,TEPITOPE,0.25,0.0,0.0,0.0,6.4,0.0,100.0,0,15,0,15,0,279,0,0.0,6.4,0.25,0.25,,
HLA-DRB1*03:01,YAI81105_de,LVRDLPQGFSVLEPL,NENGTITDAVDCALD,LVRDLPQGFSVLEPL,280,TEPITOPE,0.25,0.0,0.0,0.0,6.4,0.0,100.0,0,15,0,15,0,280,0,0.0,6.4,0.25,0.25,,
HLA-DRB1*01:01,YAI81105_de,FLVLLPLVSSQCVNLR,FLVLLPLVSSQCVNLT,FLVLLPLVSSQCVNLR,4,TEPITOPE,2.1,0.0,0.0,0.0,2.2,93.8,100.0,15,1,0,16,0,4,0,0.0,2.2,2.1,2.42,,
HLA-DRB1*01:01,YAI81105_de,FHAIHVMFVFLVLLPL,FHAIHVSGTNGTKRFD,FHAIHVMFVFLVLLPL,65,TEPITOPE,1.1,0.0,0.0,0.0,2.6,37.5,100.0,6,10,0,16,0,65,0,0.0,2.6,1.1,1.27,,
HLA-DRB1*01:01,YAI81105_de,HAIHVMFVFLVLLPLV,HAIHVSGTNGTKRFDN,HAIHVMFVFLVLLPLV,66,TEPITOPE,1.1,0.0,0.0,0.0,2.6,31.2,100.0,5,11,0,16,0,66,0,0.0,2.6,1.1,1.27,,
HLA-DRB1*01:01,YAI81105_de,AIHVMFVFLVLLPLVS,AIHVSGTNGTKRFDNP,AIHVMFVFLVLLPLVS,67,TEPITOPE,1.1,0.0,0.0,0.0,2.6,25.0,100.0,4,12,0,16,0,67,0,0.0,2.6,1.1,1.27,,
HLA-DRB1*01:01,YAI81105_de,IHVMFVFLVLLPLVSS,IHVSGTNGTKRFDNPV,IHVMFVFLVLLPLVSS,68,TEPITOPE,1.1,0.0,0.0,0.0,2.6,18.8,100.0,3,13,0,16,0,68,0,0.0,2.6,1.1,1.27,,
HLA-DRB1*01:01,YAI81105_de,HVMFVFLVLLPLVSSQ,HVSGTNGTKRFDNPVL,HVMFVFLVLLPLVSSQ,69,TEPITOPE,1.1,0.0,0.0,0.0,2.6,12.5,100.0,2,14,0,16,0,69,0,0.0,2.6,1.1,1.27,,
HLA-DRB1*01:01,YAI81105_de,VMFVFLVLLPLVSSQC,VSGTNGTKRFDNPVLP,VMFVFLVLLPLVSSQC,70,TEPITOPE,1.1,0.0,0.0,0.0,2.6,6.2,100.0,1,15,0,16,0,70,0,0.0,2.6,1.1,1.27,,
HLA-DRB1*01:01,YAI81105_de,FLVLLPLVSSQCVNLR,FLVLLPLVSSQCVNLT,FLVLLPLVSSQCVNLR,4,COMBLIB,0.01,0.0,0.0,0.01,0.0,93.8,100.0,15,1,0,16,0,4,0,0.01,0.0,0.01,0.01,,
HLA-DRB1*01:01,YAI81105_de,NVTWFHAIHVMFVFLV,NVTWFHAIHVSGTNGT,NVTWFHAIHVMFVFLV,61,COMBLIB,0.01,0.0,0.0,0.01,0.0,62.5,100.0,10,6,0,16,0,61,0,0.01,0.0,0.01,0.01,,
HLA-DRB1*01:01,YAI81105_de,VTWFHAIHVMFVFLVL,VTWFHAIHVSGTNGTK,VTWFHAIHVMFVFLVL,62,COMBLIB,0.01,0.0,0.0,0.01,0.0,56.2,100.0,9,7,0,16,0,62,0,0.01,0.0,0.01,0.01,,
HLA-DRB1*01:01,YAI81105_de,TWFHAIHVMFVFLVLL,TWFHAIHVSGTNGTKR,TWFHAIHVMFVFLVLL,63,COMBLIB,0.01,0.0,0.0,0.01,0.0,50.0,100.0,8,8,0,16,0,63,0,0.01,0.0,0.01,0.01,,
HLA-DRB1*01:01,YAI81105_de,WFHAIHVMFVFLVLLP,WFHAIHVSGTNGTKRF,WFHAIHVMFVFLVLLP,64,COMBLIB,0.01,0.0,0.0,0.01,0.0,43.8,100.0,7,9,0,16,0,64,0,0.01,0.0,0.01,0.01,,
HLA-DRB1*01:01,YAI81105_de,FHAIHVMFVFLVLLPL,FHAIHVSGTNGTKRFD,FHAIHVMFVFLVLLPL,65,COMBLIB,0.01,0.0,0.0,0.01,0.0,37.5,100.0,6,10,0,16,0,65,0,0.01,0.0,0.01,0.01,,
HLA-DRB1*01:01,YAI81105_de,HAIHVMFVFLVLLPLV,HAIHVSGTNGTKRFDN,HAIHVMFVFLVLLPLV,66,COMBLIB,0.01,0.0,0.0,0.01,0.0,31.2,100.0,5,11,0,16,0,66,0,0.01,0.0,0.01,0.01,,
HLA-DRB1*01:01,YAI81105_de,AIHVMFVFLVLLPLVS,AIHVSGTNGTKRFDNP,AIHVMFVFLVLLPLVS,67,COMBLIB,0.01,0.0,0.0,0.01,0.0,25.0,100.0,4,12,0,16,0,67,0,0.01,0.0,0.01,0.01,,
HLA-DRB1*01:01,YAI81105_de,IHVMFVFLVLLPLVSS,IHVSGTNGTKRFDNPV,IHVMFVFLVLLPLVSS,68,COMBLIB,0.01,0.0,0.0,0.01,0.0,18.8,100.0,3,13,0,16,0,68,0,0.01,0.0,0.01,0.01,,
HLA-DRB1*01:01,YAI81105_de,HVMFVFLVLLPLVSSQ,HVSGTNGTKRFDNPVL,HVMFVFLVLLPLVSSQ,69,COMBLIB,0.01,0.0,0.0,0.01,0.0,12.5,100.0,2,14,0,16,0,69,0,0.01,0.0,0.01,0.01,,
HLA-DRB1*01:01,YAI81105_de,VMFVFLVLLPLVSSQC,VSGTNGTKRFDNPVLP,VMFVFLVLLPLVSSQC,70,COMBLIB,0.01,0.0,0.0,0.01,0.0,6.2,100.0,1,15,0,16,0,70,0,0.01,0.0,0.01,0.01,,
HLA-DRB1*03:01,YAI81105_de,HTPINLVRDLPQGFSV,FLLKYNENGTITDAVD,HTPINLVRDLPQGFSV,275,TEPITOPE,0.28,0.0,0.0,0.0,6.4,0.0,100.0,0,16,0,16,0,275,0,0.0,6.4,0.28,0.32,,
HLA-DRB1*03:01,YAI81105_de,TPINLVRDLPQGFSVL,LLKYNENGTITDAVDC,TPINLVRDLPQGFSVL,276,TEPITOPE,0.28,0.0,0.0,0.0,6.4,0.0,100.0,0,16,0,16,0,276,0,0.0,6.4,0.28,0.32,,
HLA-DRB1*03:01,YAI81105_de,PINLVRDLPQGFSVLE,LKYNENGTITDAVDCA,PINLVRDLPQGFSVLE,277,TEPITOPE,0.28,0.0,0.0,0.0,6.4,0.0,100.0,0,16,0,16,0,277,0,0.0,6.4,0.28,0.32,,
HLA-DRB1*03:01,YAI81105_de,INLVRDLPQGFSVLEP,KYNENGTITDAVDCAL,INLVRDLPQGFSVLEP,278,TEPITOPE,0.28,0.0,0.0,0.0,6.4,0.0,100.0,0,16,0,16,0,278,0,0.0,6.4,0.28,0.32,,
HLA-DRB1*03:01,YAI81105_de,NLVRDLPQGFSVLEPL,YNENGTITDAVDCALD,NLVRDLPQGFSVLEPL,279,TEPITOPE,0.28,0.0,0.0,0.0,6.4,0.0,100.0,0,16,0,16,0,279,0,0.0,6.4,0.28,0.32,,
HLA-DRB1*03:01,YAI81105_de,LVRDLPQGFSVLEPLV,NENGTITDAVDCALDP,LVRDLPQGFSVLEPLV,280,TEPITOPE,0.28,0.0,0.0,0.0,6.4,0.0,100.0,0,16,0,16,0,280,0,0.0,6.4,0.28,0.32,,
