The following files were excluded because the query epitope was absent in the reference epitope

Excluded Epitopes - Summary File
================================================================================
Total excluded rows: 43
Date: 2025-11-04 18:22:21
Source: Summary_IEDB_anticancer_query_ref.csv
================================================================================

Peptide query,HLA genotype,Peptide,Epitope size (X-mer),YP ref,YAI81105 ref,Method,YP-like epitopes,YP amino acid identity,YP amino acid diff,Total amino acids,Average,YAI81105 amino acid identify,YAI81105 amino acid diffs,Average YAI81105-like,Comblib Score,TEPITOPE Score,Percentile,Adjusted Percentile,Ref Adjusted Percentile,Percentile Delta
YAI81105_de,HLA-DRB1*01:01,AIHVMFVFLVLLPLV,15-mer,AIHVSGTNGTKRFDN,AIHVMFVFLVLLPLV,COMBLIB,0,4,11,15,0.266666666666667,15,0,1.0,0.01,0.0,0.01,0.01,,
YAI81105_de,HLA-DRB1*01:01,AIHVMFVFLVLLPLV,15-mer,AIHVSGTNGTKRFDN,AIHVMFVFLVLLPLV,TEPITOPE,0,4,11,15,0.266666666666667,15,0,1.0,0.0,2.6,0.97,0.97,,
YAI81105_de,HLA-DRB1*01:01,FHAIHVMFVFLVLLP,15-mer,FHAIHVSGTNGTKRF,FHAIHVMFVFLVLLP,COMBLIB,0,6,9,15,0.4,15,0,1.0,0.01,0.0,0.01,0.01,,
YAI81105_de,HLA-DRB1*01:01,HAIHVMFVFLVLLPL,15-mer,HAIHVSGTNGTKRFD,HAIHVMFVFLVLLPL,COMBLIB,0,5,10,15,0.333333333333333,15,0,1.0,0.01,0.0,0.01,0.01,,
YAI81105_de,HLA-DRB1*01:01,HAIHVMFVFLVLLPL,15-mer,HAIHVSGTNGTKRFD,HAIHVMFVFLVLLPL,TEPITOPE,0,5,10,15,0.333333333333333,15,0,1.0,0.0,2.6,0.97,0.97,,
YAI81105_de,HLA-DRB1*01:01,HVMFVFLVLLPLVSS,15-mer,HVSGTNGTKRFDNPV,HVMFVFLVLLPLVSS,COMBLIB,0,2,13,15,0.133333333333333,15,0,1.0,0.01,0.0,0.01,0.01,,
YAI81105_de,HLA-DRB1*01:01,HVMFVFLVLLPLVSS,15-mer,HVSGTNGTKRFDNPV,HVMFVFLVLLPLVSS,TEPITOPE,0,2,13,15,0.133333333333333,15,0,1.0,0.0,2.6,0.97,0.97,,
YAI81105_de,HLA-DRB1*01:01,IHVMFVFLVLLPLVS,15-mer,IHVSGTNGTKRFDNP,IHVMFVFLVLLPLVS,COMBLIB,0,3,12,15,0.2,15,0,1.0,0.01,0.0,0.01,0.01,,
YAI81105_de,HLA-DRB1*01:01,IHVMFVFLVLLPLVS,15-mer,IHVSGTNGTKRFDNP,IHVMFVFLVLLPLVS,TEPITOPE,0,3,12,15,0.2,15,0,1.0,0.0,2.6,0.97,0.97,,
YAI81105_de,HLA-DRB1*01:01,TWFHAIHVMFVFLVL,15-mer,TWFHAIHVSGTNGTK,TWFHAIHVMFVFLVL,COMBLIB,0,8,7,15,0.533333333333333,15,0,1.0,0.01,0.0,0.01,0.01,,
YAI81105_de,HLA-DRB1*01:01,VMFVFLVLLPLVSSQ,15-mer,VSGTNGTKRFDNPVL,VMFVFLVLLPLVSSQ,COMBLIB,0,1,14,15,0.0666666666666667,15,0,1.0,0.01,0.0,0.01,0.01,,
YAI81105_de,HLA-DRB1*01:01,VMFVFLVLLPLVSSQ,15-mer,VSGTNGTKRFDNPVL,VMFVFLVLLPLVSSQ,TEPITOPE,0,1,14,15,0.0666666666666667,15,0,1.0,0.0,2.6,0.97,0.97,,
YAI81105_de,HLA-DRB1*01:01,VTWFHAIHVMFVFLV,15-mer,VTWFHAIHVSGTNGT,VTWFHAIHVMFVFLV,COMBLIB,0,9,6,15,0.6,15,0,1.0,0.01,0.0,0.01,0.01,,
YAI81105_de,HLA-DRB1*01:01,WFHAIHVMFVFLVLL,15-mer,WFHAIHVSGTNGTKR,WFHAIHVMFVFLVLL,COMBLIB,0,7,8,15,0.466666666666667,15,0,1.0,0.01,0.0,0.01,0.01,,
YAI81105_de,HLA-DRB1*03:01,INLVRDLPQGFSVLE,15-mer,KYNENGTITDAVDCA,INLVRDLPQGFSVLE,TEPITOPE,0,0,15,15,0.0,15,0,1.0,0.0,6.4,0.25,0.25,,
YAI81105_de,HLA-DRB1*03:01,LVRDLPQGFSVLEPL,15-mer,NENGTITDAVDCALD,LVRDLPQGFSVLEPL,TEPITOPE,0,0,15,15,0.0,15,0,1.0,0.0,6.4,0.25,0.25,,
YAI81105_de,HLA-DRB1*03:01,NLVRDLPQGFSVLEP,15-mer,YNENGTITDAVDCAL,NLVRDLPQGFSVLEP,TEPITOPE,0,0,15,15,0.0,15,0,1.0,0.0,6.4,0.25,0.25,,
YAI81105_de,HLA-DRB1*03:01,PINLVRDLPQGFSVL,15-mer,LKYNENGTITDAVDC,PINLVRDLPQGFSVL,TEPITOPE,0,0,15,15,0.0,15,0,1.0,0.0,6.4,0.25,0.25,,
YAI81105_de,HLA-DRB1*03:01,TPINLVRDLPQGFSV,15-mer,LLKYNENGTITDAVD,TPINLVRDLPQGFSV,TEPITOPE,0,0,15,15,0.0,15,0,1.0,0.0,6.4,0.25,0.25,,
YAI81105_de,HLA-DRB1*01:01,AIHVMFVFLVLLPLVS,16-mer,AIHVSGTNGTKRFDNP,AIHVMFVFLVLLPLVS,COMBLIB,0,4,12,16,0.25,16,0,1.0,0.01,0.0,0.01,0.01,,
YAI81105_de,HLA-DRB1*01:01,AIHVMFVFLVLLPLVS,16-mer,AIHVSGTNGTKRFDNP,AIHVMFVFLVLLPLVS,TEPITOPE,0,4,12,16,0.25,16,0,1.0,0.0,2.6,1.1,1.27,,
YAI81105_de,HLA-DRB1*01:01,FHAIHVMFVFLVLLPL,16-mer,FHAIHVSGTNGTKRFD,FHAIHVMFVFLVLLPL,COMBLIB,0,6,10,16,0.375,16,0,1.0,0.01,0.0,0.01,0.01,,
YAI81105_de,HLA-DRB1*01:01,FHAIHVMFVFLVLLPL,16-mer,FHAIHVSGTNGTKRFD,FHAIHVMFVFLVLLPL,TEPITOPE,0,6,10,16,0.375,16,0,1.0,0.0,2.6,1.1,1.27,,
YAI81105_de,HLA-DRB1*01:01,FLVLLPLVSSQCVNLR,16-mer,FLVLLPLVSSQCVNLT,FLVLLPLVSSQCVNLR,COMBLIB,0,15,1,16,0.9375,16,0,1.0,0.01,0.0,0.01,0.01,,
YAI81105_de,HLA-DRB1*01:01,FLVLLPLVSSQCVNLR,16-mer,FLVLLPLVSSQCVNLT,FLVLLPLVSSQCVNLR,TEPITOPE,0,15,1,16,0.9375,16,0,1.0,0.0,2.2,2.1,2.42,,
YAI81105_de,HLA-DRB1*01:01,HAIHVMFVFLVLLPLV,16-mer,HAIHVSGTNGTKRFDN,HAIHVMFVFLVLLPLV,COMBLIB,0,5,11,16,0.3125,16,0,1.0,0.01,0.0,0.01,0.01,,
YAI81105_de,HLA-DRB1*01:01,HAIHVMFVFLVLLPLV,16-mer,HAIHVSGTNGTKRFDN,HAIHVMFVFLVLLPLV,TEPITOPE,0,5,11,16,0.3125,16,0,1.0,0.0,2.6,1.1,1.27,,
YAI81105_de,HLA-DRB1*01:01,HVMFVFLVLLPLVSSQ,16-mer,HVSGTNGTKRFDNPVL,HVMFVFLVLLPLVSSQ,COMBLIB,0,2,14,16,0.125,16,0,1.0,0.01,0.0,0.01,0.01,,
YAI81105_de,HLA-DRB1*01:01,HVMFVFLVLLPLVSSQ,16-mer,HVSGTNGTKRFDNPVL,HVMFVFLVLLPLVSSQ,TEPITOPE,0,2,14,16,0.125,16,0,1.0,0.0,2.6,1.1,1.27,,
YAI81105_de,HLA-DRB1*01:01,IHVMFVFLVLLPLVSS,16-mer,IHVSGTNGTKRFDNPV,IHVMFVFLVLLPLVSS,COMBLIB,0,3,13,16,0.1875,16,0,1.0,0.01,0.0,0.01,0.01,,
YAI81105_de,HLA-DRB1*01:01,IHVMFVFLVLLPLVSS,16-mer,IHVSGTNGTKRFDNPV,IHVMFVFLVLLPLVSS,TEPITOPE,0,3,13,16,0.1875,16,0,1.0,0.0,2.6,1.1,1.27,,
YAI81105_de,HLA-DRB1*01:01,NVTWFHAIHVMFVFLV,16-mer,NVTWFHAIHVSGTNGT,NVTWFHAIHVMFVFLV,COMBLIB,0,10,6,16,0.625,16,0,1.0,0.01,0.0,0.01,0.01,,
YAI81105_de,HLA-DRB1*01:01,TWFHAIHVMFVFLVLL,16-mer,TWFHAIHVSGTNGTKR,TWFHAIHVMFVFLVLL,COMBLIB,0,8,8,16,0.5,16,0,1.0,0.01,0.0,0.01,0.01,,
YAI81105_de,HLA-DRB1*01:01,VMFVFLVLLPLVSSQC,16-mer,VSGTNGTKRFDNPVLP,VMFVFLVLLPLVSSQC,COMBLIB,0,1,15,16,0.0625,16,0,1.0,0.01,0.0,0.01,0.01,,
YAI81105_de,HLA-DRB1*01:01,VMFVFLVLLPLVSSQC,16-mer,VSGTNGTKRFDNPVLP,VMFVFLVLLPLVSSQC,TEPITOPE,0,1,15,16,0.0625,16,0,1.0,0.0,2.6,1.1,1.27,,
YAI81105_de,HLA-DRB1*01:01,VTWFHAIHVMFVFLVL,16-mer,VTWFHAIHVSGTNGTK,VTWFHAIHVMFVFLVL,COMBLIB,0,9,7,16,0.5625,16,0,1.0,0.01,0.0,0.01,0.01,,
YAI81105_de,HLA-DRB1*01:01,WFHAIHVMFVFLVLLP,16-mer,WFHAIHVSGTNGTKRF,WFHAIHVMFVFLVLLP,COMBLIB,0,7,9,16,0.4375,16,0,1.0,0.01,0.0,0.01,0.01,,
YAI81105_de,HLA-DRB1*03:01,HTPINLVRDLPQGFSV,16-mer,FLLKYNENGTITDAVD,HTPINLVRDLPQGFSV,TEPITOPE,0,0,16,16,0.0,16,0,1.0,0.0,6.4,0.28,0.32,,
YAI81105_de,HLA-DRB1*03:01,INLVRDLPQGFSVLEP,16-mer,KYNENGTITDAVDCAL,INLVRDLPQGFSVLEP,TEPITOPE,0,0,16,16,0.0,16,0,1.0,0.0,6.4,0.28,0.32,,
YAI81105_de,HLA-DRB1*03:01,LVRDLPQGFSVLEPLV,16-mer,NENGTITDAVDCALDP,LVRDLPQGFSVLEPLV,TEPITOPE,0,0,16,16,0.0,16,0,1.0,0.0,6.4,0.28,0.32,,
YAI81105_de,HLA-DRB1*03:01,NLVRDLPQGFSVLEPL,16-mer,YNENGTITDAVDCALD,NLVRDLPQGFSVLEPL,TEPITOPE,0,0,16,16,0.0,16,0,1.0,0.0,6.4,0.28,0.32,,
YAI81105_de,HLA-DRB1*03:01,PINLVRDLPQGFSVLE,16-mer,LKYNENGTITDAVDCA,PINLVRDLPQGFSVLE,TEPITOPE,0,0,16,16,0.0,16,0,1.0,0.0,6.4,0.28,0.32,,
YAI81105_de,HLA-DRB1*03:01,TPINLVRDLPQGFSVL,16-mer,LLKYNENGTITDAVDC,TPINLVRDLPQGFSVL,TEPITOPE,0,0,16,16,0.0,16,0,1.0,0.0,6.4,0.28,0.32,,
